FAILURE DETAILS
========================================

Failed Tests: 1

========================================

Downloading model... [‚ñà‚ñà‚ñà‚ñà‚ñà‚ñà‚ñà‚ñà‚ñà‚ñà‚ñà‚ñà--------] 60% (3.0 MB / 5.0 MB)
   ‚úî  When rbee-hive retries download
[2m2025-10-18T20:59:19.028669Z[0m [34mDEBUG[0m [2mtest_harness_bdd::steps::error_handling[0m[2m:[0m All 6 attempts failed: DOWNLOAD_FAILED
   ‚úî  Then rbee-hive displays:
[2m2025-10-18T20:59:19.030381Z[0m [32m INFO[0m [2mtest_harness_bdd::steps::cli_commands[0m[2m:[0m ‚úÖ Exit code is 1
   ‚úî  And if all 6 attempts fail, error "DOWNLOAD_FAILED" is returned
[2m2025-10-18T20:59:19.030811Z[0m [32m INFO[0m [2mcucumber[0m[2m:[0m ‚è±Ô∏è  Scenario 'EC2 - Model download failure with retry' completed in 47.167032ms
   ‚úî  And the exit code is 1
[2m2025-10-18T20:59:19.531204Z[0m [34mDEBUG[0m [2mtest_harness_bdd::steps::world[0m[2m:[0m World dropped, cleaning up scenario-specific resources
[2m2025-10-18T20:59:19.532740Z[0m [32m INFO[0m [2mcucumber[0m[2m:[0m üé¨ Starting scenario: Build worker from git succeeds
Feature: Worker Provisioning
  Scenario: Build worker from git succeeds
[2m2025-10-18T20:59:19.533601Z[0m [32m INFO[0m [2mtest_harness_bdd::steps::background[0m[2m:[0m ‚úÖ Test setup: Topology configured with 2 nodes

   ‚úî  Then rbee-hive displays:
[2m2025-10-18T20:59:19.030381Z[0m [32m INFO[0m [2mtest_harness_bdd::steps::cli_commands[0m[2m:[0m ‚úÖ Exit code is 1
   ‚úî  And if all 6 attempts fail, error "DOWNLOAD_FAILED" is returned
[2m2025-10-18T20:59:19.030811Z[0m [32m INFO[0m [2mcucumber[0m[2m:[0m ‚è±Ô∏è  Scenario 'EC2 - Model download failure with retry' completed in 47.167032ms
   ‚úî  And the exit code is 1
[2m2025-10-18T20:59:19.531204Z[0m [34mDEBUG[0m [2mtest_harness_bdd::steps::world[0m[2m:[0m World dropped, cleaning up scenario-specific resources
[2m2025-10-18T20:59:19.532740Z[0m [32m INFO[0m [2mcucumber[0m[2m:[0m üé¨ Starting scenario: Build worker from git succeeds
Feature: Worker Provisioning
  Scenario: Build worker from git succeeds
[2m2025-10-18T20:59:19.533601Z[0m [32m INFO[0m [2mtest_harness_bdd::steps::background[0m[2m:[0m ‚úÖ Test setup: Topology configured with 2 nodes
[2m2025-10-18T20:59:19.534704Z[0m [32m INFO[0m [2mtest_harness_bdd::steps::background[0m[2m:[0m ‚úÖ Test setup: Current node set to: workstation
   ‚úî> Given the following topology:
       | node        | hostname              | components                 | capabilities        |

[queen-rbee] ‚ùå SSH connection failed: SSH connection failed: Connection timeout

[2m2025-10-18T20:59:07.030467Z[0m [33m WARN[0m [2mtest_harness_bdd::steps::cli_commands[0m[2m:[0m stderr: Error: SSH connection failed: SSH connection failed: Connection timeout

   ‚úî  When I run:
[2m2025-10-18T20:59:07.034928Z[0m [32m INFO[0m [2mcucumber[0m[2m:[0m ‚è±Ô∏è  Scenario 'EH-001a - SSH connection timeout' completed in 22.936993ms
   ‚úò  Then queen-rbee attempts SSH connection with 10s timeout
      Step failed:

[queen-rbee] Submitting inference task...

[2m2025-10-18T20:59:11.382251Z[0m [33m WARN[0m [2mtest_harness_bdd::steps::cli_commands[0m[2m:[0m stderr: Error: Inference request failed: HTTP 503 Service Unavailable

[2m2025-10-18T20:59:11.384619Z[0m [31mERROR[0m [2mtest_harness_bdd::steps::happy_path[0m[2m:[0m ‚ùå Registry query: node 'workstation' not found
   ‚úî  When I run:
   ‚úî  Then queen-rbee queries rbee-hive registry for node "workstation"
[2m2025-10-18T20:59:11.387595Z[0m [32m INFO[0m [2mcucumber[0m[2m:[0m ‚è±Ô∏è  Scenario 'Inference fails when node not in registry' completed in 37.688247ms

[2m2025-10-18T20:59:19.022407Z[0m [32m INFO[0m [2mtest_harness_bdd::steps::edge_cases[0m[2m:[0m ‚úÖ Real download retry failed (exit code Some(1))
[2m2025-10-18T20:59:19.024509Z[0m [34mDEBUG[0m [2mtest_harness_bdd::steps::edge_cases[0m[2m:[0m rbee-hive should display: Downloading model... [‚ñà‚ñà‚ñà‚ñà‚ñà‚ñà‚ñà‚ñà------------] 40% (2.0 MB / 5.0 MB)
Error: Connection reset by peer
Retrying download (attempt 2/6)... delay 100ms
Downloading model... [‚ñà‚ñà‚ñà‚ñà‚ñà‚ñà‚ñà‚ñà‚ñà‚ñà‚ñà‚ñà--------] 60% (3.0 MB / 5.0 MB)
   ‚úî  When rbee-hive retries download
[2m2025-10-18T20:59:19.028669Z[0m [34mDEBUG[0m [2mtest_harness_bdd::steps::error_handling[0m[2m:[0m All 6 attempts failed: DOWNLOAD_FAILED
   ‚úî  Then rbee-hive displays:

[queen-rbee] Submitting inference task...

[2m2025-10-18T21:00:06.086947Z[0m [33m WARN[0m [2mtest_harness_bdd::steps::cli_commands[0m[2m:[0m stderr: Error: Inference request failed: HTTP 503 Service Unavailable

[2m2025-10-18T21:00:06.088810Z[0m [34mDEBUG[0m [2mtest_harness_bdd::steps::error_handling[0m[2m:[0m Validating model reference format
   ‚úî  When I run:
[2m2025-10-18T21:00:06.090313Z[0m [32m INFO[0m [2mcucumber[0m[2m:[0m ‚è±Ô∏è  Scenario 'EH-015a - Invalid model reference format' completed in 41.326577ms
   ‚úî  Then rbee-keeper validates model reference format

[queen-rbee] Submitting inference task...

[2m2025-10-18T21:00:06.628698Z[0m [33m WARN[0m [2mtest_harness_bdd::steps::cli_commands[0m[2m:[0m stderr: Error: Inference request failed: HTTP 503 Service Unavailable

[2m2025-10-18T21:00:06.631334Z[0m [34mDEBUG[0m [2mtest_harness_bdd::steps::error_handling[0m[2m:[0m Validating backend name
   ‚úî  When I run:
   ‚úî  Then rbee-keeper validates backend name
[2m2025-10-18T21:00:06.633719Z[0m [32m INFO[0m [2mcucumber[0m[2m:[0m ‚è±Ô∏è  Scenario 'EH-015b - Invalid backend name' completed in 39.784906ms

[2m2025-10-18T21:00:23.996737Z[0m [32m INFO[0m [2mtest_harness_bdd::steps::cli_commands[0m[2m:[0m stdout: üì¶ Installing rbee binaries...

[2m2025-10-18T21:00:23.996758Z[0m [33m WARN[0m [2mtest_harness_bdd::steps::cli_commands[0m[2m:[0m stderr: Error: Failed to create config directory

Caused by:
    Permission denied (os error 13)

[2m2025-10-18T21:00:23.999271Z[0m [34mDEBUG[0m [2mtest_harness_bdd::steps::cli_commands[0m[2m:[0m Binaries should be installed to: /usr/local/bin/

[queen-rbee] Submitting inference task...

[2m2025-10-18T21:00:25.550705Z[0m [33m WARN[0m [2mtest_harness_bdd::steps::cli_commands[0m[2m:[0m stderr: Error: error sending request for url (http://localhost:8080/v2/tasks)

Caused by:
    0: client error (Connect)
    1: tcp connect error
    2: Connection refused (os error 111)



[2m2025-10-18T21:00:26.072456Z[0m [33m WARN[0m [2mtest_harness_bdd::steps::cli_commands[0m[2m:[0m stderr: Error: error sending request for url (http://localhost:8080/v2/workers/list)

Caused by:
    0: client error (Connect)
    1: tcp connect error
    2: Connection refused (os error 111)



[2m2025-10-18T21:00:26.590253Z[0m [33m WARN[0m [2mtest_harness_bdd::steps::cli_commands[0m[2m:[0m stderr: Error: error sending request for url (http://localhost:8080/v2/workers/health?node=workstation)

Caused by:
    0: client error (Connect)
    1: tcp connect error
    2: Connection refused (os error 111)



[2m2025-10-18T21:00:27.104413Z[0m [33m WARN[0m [2mtest_harness_bdd::steps::cli_commands[0m[2m:[0m stderr: Error: error sending request for url (http://localhost:8080/v2/workers/shutdown)

Caused by:
    0: client error (Connect)
    1: tcp connect error
    2: Connection refused (os error 111)



[2m2025-10-18T21:00:27.622314Z[0m [33m WARN[0m [2mtest_harness_bdd::steps::cli_commands[0m[2m:[0m stderr: Error: error sending request for url (http://localhost:8080/v2/logs?node=workstation&follow=true)

Caused by:
    0: client error (Connect)
    1: tcp connect error
    2: Connection refused (os error 111)

      Defined: tests/features/130-inference-execution.feature:50:5
      Matched: test-harness/bdd/src/steps/cli_commands.rs:260:1
      Step panicked. Captured output: assertion `left == right` failed: Expected exit code 0, got Some(1)
        left: Some(1)
       right: Some(0)
[2m2025-10-18T21:00:00.364683Z[0m [34mDEBUG[0m [2mtest_harness_bdd::steps::world[0m[2m:[0m World dropped, cleaning up scenario-specific resources
[2m2025-10-18T21:00:00.366708Z[0m [32m INFO[0m [2mcucumber[0m[2m:[0m üé¨ Starting scenario: EH-018a - Worker busy with all slots occupied
  Scenario: EH-018a - Worker busy with all slots occupied

      Defined: tests/features/140-input-validation.feature:167:5
      Matched: test-harness/bdd/src/steps/validation.rs:39:1
      Step panicked. Captured output: assertion `left == right` failed: Expected status 400
        left: None
       right: Some(400)
[2m2025-10-18T21:00:10.316809Z[0m [34mDEBUG[0m [2mtest_harness_bdd::steps::world[0m[2m:[0m World dropped, cleaning up scenario-specific resources
  Scenario: VAL-002 - Prevent log injection with ANSI escape codes
[2m2025-10-18T21:00:10.325192Z[0m [32m INFO[0m [2mcucumber[0m[2m:[0m üé¨ Starting scenario: VAL-002 - Prevent log injection with ANSI escape codes

      Defined: tests/features/140-input-validation.feature:176:5
      Matched: test-harness/bdd/src/steps/validation.rs:39:1
      Step panicked. Captured output: assertion `left == right` failed: Expected status 400
        left: None
       right: Some(400)
[2m2025-10-18T21:00:10.857661Z[0m [34mDEBUG[0m [2mtest_harness_bdd::steps::world[0m[2m:[0m World dropped, cleaning up scenario-specific resources
  Scenario: VAL-003 - Prevent log injection with null bytes
[2m2025-10-18T21:00:10.860840Z[0m [32m INFO[0m [2mcucumber[0m[2m:[0m üé¨ Starting scenario: VAL-003 - Prevent log injection with null bytes

      Defined: tests/features/140-input-validation.feature:184:5
      Matched: test-harness/bdd/src/steps/validation.rs:39:1
      Step panicked. Captured output: assertion `left == right` failed: Expected status 400
        left: None
       right: Some(400)
[2m2025-10-18T21:00:11.391567Z[0m [34mDEBUG[0m [2mtest_harness_bdd::steps::world[0m[2m:[0m World dropped, cleaning up scenario-specific resources
  Scenario: VAL-004 - Prevent path traversal (../../etc/passwd)
[2m2025-10-18T21:00:11.395272Z[0m [32m INFO[0m [2mcucumber[0m[2m:[0m üé¨ Starting scenario: VAL-004 - Prevent path traversal (../../etc/passwd)

      Defined: tests/features/140-input-validation.feature:191:5
      Matched: test-harness/bdd/src/steps/validation.rs:39:1
      Step panicked. Captured output: assertion `left == right` failed: Expected status 400
        left: None
       right: Some(400)
[2m2025-10-18T21:00:11.926803Z[0m [34mDEBUG[0m [2mtest_harness_bdd::steps::world[0m[2m:[0m World dropped, cleaning up scenario-specific resources
  Scenario: VAL-005 - Prevent path traversal (absolute paths)
[2m2025-10-18T21:00:11.929922Z[0m [32m INFO[0m [2mcucumber[0m[2m:[0m üé¨ Starting scenario: VAL-005 - Prevent path traversal (absolute paths)

      Defined: tests/features/140-input-validation.feature:199:5
      Matched: test-harness/bdd/src/steps/validation.rs:39:1
      Step panicked. Captured output: assertion `left == right` failed: Expected status 400
        left: None
       right: Some(400)
[2m2025-10-18T21:00:12.457563Z[0m [34mDEBUG[0m [2mtest_harness_bdd::steps::world[0m[2m:[0m World dropped, cleaning up scenario-specific resources
  Scenario: VAL-006 - Prevent path traversal (symlinks)
[2m2025-10-18T21:00:12.460860Z[0m [32m INFO[0m [2mcucumber[0m[2m:[0m üé¨ Starting scenario: VAL-006 - Prevent path traversal (symlinks)

      Defined: tests/features/140-input-validation.feature:207:5
      Matched: test-harness/bdd/src/steps/validation.rs:39:1
      Step panicked. Captured output: assertion `left == right` failed: Expected status 400
        left: None
       right: Some(400)
[2m2025-10-18T21:00:12.990597Z[0m [34mDEBUG[0m [2mtest_harness_bdd::steps::world[0m[2m:[0m World dropped, cleaning up scenario-specific resources
  Scenario: VAL-007 - Prevent command injection (shell metacharacters)
[2m2025-10-18T21:00:12.993807Z[0m [32m INFO[0m [2mcucumber[0m[2m:[0m üé¨ Starting scenario: VAL-007 - Prevent command injection (shell metacharacters)

      Defined: tests/features/140-input-validation.feature:215:5
      Matched: test-harness/bdd/src/steps/validation.rs:39:1
      Step panicked. Captured output: assertion `left == right` failed: Expected status 400
        left: None
       right: Some(400)
[2m2025-10-18T21:00:13.516615Z[0m [34mDEBUG[0m [2mtest_harness_bdd::steps::world[0m[2m:[0m World dropped, cleaning up scenario-specific resources
  Scenario: VAL-008 - Prevent command injection (backticks)
[2m2025-10-18T21:00:13.518160Z[0m [32m INFO[0m [2mcucumber[0m[2m:[0m üé¨ Starting scenario: VAL-008 - Prevent command injection (backticks)

      Defined: tests/features/140-input-validation.feature:223:5
      Matched: test-harness/bdd/src/steps/validation.rs:39:1
      Step panicked. Captured output: assertion `left == right` failed: Expected status 400
        left: None
       right: Some(400)
[2m2025-10-18T21:00:14.036290Z[0m [34mDEBUG[0m [2mtest_harness_bdd::steps::world[0m[2m:[0m World dropped, cleaning up scenario-specific resources
  Scenario: VAL-009 - Prevent command injection (pipe characters)
[2m2025-10-18T21:00:14.038001Z[0m [32m INFO[0m [2mcucumber[0m[2m:[0m üé¨ Starting scenario: VAL-009 - Prevent command injection (pipe characters)

      Defined: tests/features/140-input-validation.feature:230:5
      Matched: test-harness/bdd/src/steps/validation.rs:39:1
      Step panicked. Captured output: assertion `left == right` failed: Expected status 400
        left: None
       right: Some(400)
[2m2025-10-18T21:00:14.554500Z[0m [34mDEBUG[0m [2mtest_harness_bdd::steps::world[0m[2m:[0m World dropped, cleaning up scenario-specific resources
  Scenario: VAL-010 - Validate model reference format (hf:org/repo)
[2m2025-10-18T21:00:14.555995Z[0m [32m INFO[0m [2mcucumber[0m[2m:[0m üé¨ Starting scenario: VAL-010 - Validate model reference format (hf:org/repo)

      Defined: tests/features/140-input-validation.feature:246:5
      Matched: test-harness/bdd/src/steps/validation.rs:39:1
      Step panicked. Captured output: assertion `left == right` failed: Expected status 400
        left: None
       right: Some(400)
[2m2025-10-18T21:00:15.595235Z[0m [34mDEBUG[0m [2mtest_harness_bdd::steps::world[0m[2m:[0m World dropped, cleaning up scenario-specific resources
  Scenario: VAL-012 - Validate worker ID format (alphanumeric + dash)
[2m2025-10-18T21:00:15.599118Z[0m [32m INFO[0m [2mcucumber[0m[2m:[0m üé¨ Starting scenario: VAL-012 - Validate worker ID format (alphanumeric + dash)

      Defined: tests/features/140-input-validation.feature:315:5
      Matched: test-harness/bdd/src/steps/validation.rs:39:1
      Step panicked. Captured output: assertion `left == right` failed: Expected status 400
        left: None
       right: Some(400)
[2m2025-10-18T21:00:19.270489Z[0m [34mDEBUG[0m [2mtest_harness_bdd::steps::world[0m[2m:[0m World dropped, cleaning up scenario-specific resources
  Scenario: VAL-019 - Reject XSS attempts
[2m2025-10-18T21:00:19.273972Z[0m [32m INFO[0m [2mcucumber[0m[2m:[0m üé¨ Starting scenario: VAL-019 - Reject XSS attempts

      Defined: tests/features/140-input-validation.feature:324:5
      Matched: test-harness/bdd/src/steps/validation.rs:39:1
      Step panicked. Captured output: assertion `left == right` failed: Expected status 400
        left: None
       right: Some(400)
[2m2025-10-18T21:00:19.805660Z[0m [34mDEBUG[0m [2mtest_harness_bdd::steps::world[0m[2m:[0m World dropped, cleaning up scenario-specific resources
  Scenario: VAL-020 - Property-based testing (proptest fuzzing)
[2m2025-10-18T21:00:19.809080Z[0m [32m INFO[0m [2mcucumber[0m[2m:[0m üé¨ Starting scenario: VAL-020 - Property-based testing (proptest fuzzing)

      Defined: tests/features/140-input-validation.feature:341:5
      Matched: test-harness/bdd/src/steps/validation.rs:39:1
      Step panicked. Captured output: assertion `left == right` failed: Expected status 400
        left: None
       right: Some(400)
[2m2025-10-18T21:00:20.867696Z[0m [34mDEBUG[0m [2mtest_harness_bdd::steps::world[0m[2m:[0m World dropped, cleaning up scenario-specific resources
  Scenario: VAL-022 - Enforce request body size limits
[2m2025-10-18T21:00:20.872215Z[0m [32m INFO[0m [2mcucumber[0m[2m:[0m üé¨ Starting scenario: VAL-022 - Enforce request body size limits

      Defined: tests/features/140-input-validation.feature:356:5
      Matched: test-harness/bdd/src/steps/validation.rs:319:1
      Step panicked. Captured output: assertion `left == right` failed: Expected status 429
        left: None
       right: Some(429)
[2m2025-10-18T21:00:21.902382Z[0m [34mDEBUG[0m [2mtest_harness_bdd::steps::world[0m[2m:[0m World dropped, cleaning up scenario-specific resources
  Scenario: VAL-024 - Safe error messages (no payload echoed)
[2m2025-10-18T21:00:21.905685Z[0m [32m INFO[0m [2mcucumber[0m[2m:[0m üé¨ Starting scenario: VAL-024 - Safe error messages (no payload echoed)

      Defined: tests/features/140-input-validation.feature:363:5
      Matched: test-harness/bdd/src/steps/validation.rs:39:1
      Step panicked. Captured output: assertion `left == right` failed: Expected status 400
        left: None
       right: Some(400)
[2m2025-10-18T21:00:22.436598Z[0m [34mDEBUG[0m [2mtest_harness_bdd::steps::world[0m[2m:[0m World dropped, cleaning up scenario-specific resources
  Scenario: VAL-025 - Comprehensive validation on all endpoints
[2m2025-10-18T21:00:22.440912Z[0m [32m INFO[0m [2mcucumber[0m[2m:[0m üé¨ Starting scenario: VAL-025 - Comprehensive validation on all endpoints

      Defined: tests/features/150-cli-commands.feature:45:5
      Matched: test-harness/bdd/src/steps/cli_commands.rs:260:1
      Step panicked. Captured output: assertion `left == right` failed: Expected exit code 0, got Some(1)
        left: Some(1)
       right: Some(0)
[2m2025-10-18T21:00:24.509741Z[0m [34mDEBUG[0m [2mtest_harness_bdd::steps::world[0m[2m:[0m World dropped, cleaning up scenario-specific resources
[2m2025-10-18T21:00:24.511260Z[0m [32m INFO[0m [2mcucumber[0m[2m:[0m üé¨ Starting scenario: Config file loading with XDG priority
  Scenario: Config file loading with XDG priority

      Defined: tests/features/150-cli-commands.feature:88:5
      Matched: test-harness/bdd/src/steps/cli_commands.rs:260:1
      Step panicked. Captured output: assertion `left == right` failed: Expected exit code 0, got Some(1)
        left: Some(1)
       right: Some(0)
[2m2025-10-18T21:00:26.058472Z[0m [34mDEBUG[0m [2mtest_harness_bdd::steps::world[0m[2m:[0m World dropped, cleaning up scenario-specific resources
[2m2025-10-18T21:00:26.059538Z[0m [32m INFO[0m [2mcucumber[0m[2m:[0m üé¨ Starting scenario: CLI command - list workers
  Scenario: CLI command - list workers

      Defined: tests/features/150-cli-commands.feature:94:5
      Matched: test-harness/bdd/src/steps/cli_commands.rs:260:1
      Step panicked. Captured output: assertion `left == right` failed: Expected exit code 0, got Some(1)
        left: Some(1)
       right: Some(0)
[2m2025-10-18T21:00:26.577655Z[0m [34mDEBUG[0m [2mtest_harness_bdd::steps::world[0m[2m:[0m World dropped, cleaning up scenario-specific resources
[2m2025-10-18T21:00:26.578709Z[0m [32m INFO[0m [2mcucumber[0m[2m:[0m üé¨ Starting scenario: CLI command - check worker health
  Scenario: CLI command - check worker health

      Defined: tests/features/150-cli-commands.feature:99:5
      Matched: test-harness/bdd/src/steps/cli_commands.rs:260:1
      Step panicked. Captured output: assertion `left == right` failed: Expected exit code 0, got Some(1)
        left: Some(1)
       right: Some(0)
[2m2025-10-18T21:00:27.093410Z[0m [34mDEBUG[0m [2mtest_harness_bdd::steps::world[0m[2m:[0m World dropped, cleaning up scenario-specific resources
[2m2025-10-18T21:00:27.094048Z[0m [32m INFO[0m [2mcucumber[0m[2m:[0m üé¨ Starting scenario: CLI command - manually shutdown worker
  Scenario: CLI command - manually shutdown worker

      Defined: tests/features/150-cli-commands.feature:106:5
      Matched: test-harness/bdd/src/steps/cli_commands.rs:260:1
      Step panicked. Captured output: assertion `left == right` failed: Expected exit code 0, got Some(1)
        left: Some(1)
       right: Some(0)
[2m2025-10-18T21:00:27.610592Z[0m [34mDEBUG[0m [2mtest_harness_bdd::steps::world[0m[2m:[0m World dropped, cleaning up scenario-specific resources
[2m2025-10-18T21:00:27.611610Z[0m [32m INFO[0m [2mcucumber[0m[2m:[0m üé¨ Starting scenario: CLI command - view logs
  Scenario: CLI command - view logs

      Defined: tests/features/300-authentication.feature:178:5
      Matched: test-harness/bdd/src/steps/authentication.rs:81:1
      Step panicked. Captured output: assertion `left == right` failed: Expected status 401
        left: None
       right: Some(401)
[2m2025-10-18T21:00:52.591047Z[0m [34mDEBUG[0m [2mtest_harness_bdd::steps::world[0m[2m:[0m World dropped, cleaning up scenario-specific resources
  Scenario: AUTH-017 - Auth required for all HTTP methods
[2m2025-10-18T21:00:52.596997Z[0m [32m INFO[0m [2mcucumber[0m[2m:[0m üé¨ Starting scenario: AUTH-017 - Auth required for all HTTP methods

========================================
Errors:
========================================
[2m2025-10-18T20:59:07.030467Z[0m [33m WARN[0m [2mtest_harness_bdd::steps::cli_commands[0m[2m:[0m stderr: Error: SSH connection failed: SSH connection failed: Connection timeout
[2m2025-10-18T20:59:11.382251Z[0m [33m WARN[0m [2mtest_harness_bdd::steps::cli_commands[0m[2m:[0m stderr: Error: Inference request failed: HTTP 503 Service Unavailable
Error: Connection reset by peer
[2m2025-10-18T21:00:06.086947Z[0m [33m WARN[0m [2mtest_harness_bdd::steps::cli_commands[0m[2m:[0m stderr: Error: Inference request failed: HTTP 503 Service Unavailable
[2m2025-10-18T21:00:06.628698Z[0m [33m WARN[0m [2mtest_harness_bdd::steps::cli_commands[0m[2m:[0m stderr: Error: Inference request failed: HTTP 503 Service Unavailable
[2m2025-10-18T21:00:23.996758Z[0m [33m WARN[0m [2mtest_harness_bdd::steps::cli_commands[0m[2m:[0m stderr: Error: Failed to create config directory
[2m2025-10-18T21:00:25.550705Z[0m [33m WARN[0m [2mtest_harness_bdd::steps::cli_commands[0m[2m:[0m stderr: Error: error sending request for url (http://localhost:8080/v2/tasks)
[2m2025-10-18T21:00:26.072456Z[0m [33m WARN[0m [2mtest_harness_bdd::steps::cli_commands[0m[2m:[0m stderr: Error: error sending request for url (http://localhost:8080/v2/workers/list)
[2m2025-10-18T21:00:26.590253Z[0m [33m WARN[0m [2mtest_harness_bdd::steps::cli_commands[0m[2m:[0m stderr: Error: error sending request for url (http://localhost:8080/v2/workers/health?node=workstation)
[2m2025-10-18T21:00:27.104413Z[0m [33m WARN[0m [2mtest_harness_bdd::steps::cli_commands[0m[2m:[0m stderr: Error: error sending request for url (http://localhost:8080/v2/workers/shutdown)
[2m2025-10-18T21:00:27.622314Z[0m [33m WARN[0m [2mtest_harness_bdd::steps::cli_commands[0m[2m:[0m stderr: Error: error sending request for url (http://localhost:8080/v2/logs?node=workstation&follow=true)

========================================
Panics:
========================================
